[2020-10-02 06:32:04] development.ERROR: Twig\Error\SyntaxError: Unexpected end of template in "/Users/wpineda/Documents/Development/Sites/trust-can.ml/themes/sliderweb-sliderweb_0002_hydrogen-theme/partials/post-list.htm" at line 11. in /Users/wpineda/Documents/Development/Sites/trust-can.ml/vendor/twig/twig/src/TokenStream.php:50
Stack trace:
#0 /Users/wpineda/Documents/Development/Sites/trust-can.ml/vendor/twig/twig/src/TokenParser/ForTokenParser.php(53): Twig\TokenStream->next()
#1 /Users/wpineda/Documents/Development/Sites/trust-can.ml/vendor/twig/twig/src/Parser.php(185): Twig\TokenParser\ForTokenParser->parse(Object(Twig\Token))
#2 /Users/wpineda/Documents/Development/Sites/trust-can.ml/vendor/twig/twig/src/Parser.php(98): Twig\Parser->subparse(NULL, false)
#3 /Users/wpineda/Documents/Development/Sites/trust-can.ml/vendor/twig/twig/src/Environment.php(563): Twig\Parser->parse(Object(Twig\TokenStream))
#4 /Users/wpineda/Documents/Development/Sites/trust-can.ml/vendor/twig/twig/src/Environment.php(595): Twig\Environment->parse(Object(Twig\TokenStream))
#5 /Users/wpineda/Documents/Development/Sites/trust-can.ml/vendor/twig/twig/src/Environment.php(408): Twig\Environment->compileSource(Object(Twig\Source))
#6 /Users/wpineda/Documents/Development/Sites/trust-can.ml/vendor/twig/twig/src/Environment.php(381): Twig\Environment->loadClass('__TwigTemplate_...', '/Users/wpineda/...', NULL)
#7 /Users/wpineda/Documents/Development/Sites/trust-can.ml/modules/cms/Classes/Controller.php(1087): Twig\Environment->loadTemplate('/Users/wpineda/...')
#8 /Users/wpineda/Documents/Development/Sites/trust-can.ml/modules/cms/Twig/Extension.php(102): Cms\Classes\Controller->renderPartial('blogPosts', Array, true)
#9 /Users/wpineda/Documents/Development/Sites/trust-can.ml/storage/cms/twig/e5/e59192548ce602ccdeb9e63fd40204435cde0fd4eec91a4feefeec12a9425c44.php(63): Cms\Twig\Extension->partialFunction('post-list', Array, true)
#10 /Users/wpineda/Documents/Development/Sites/trust-can.ml/vendor/twig/twig/src/Template.php(407): __TwigTemplate_613ed32acff66eeb07f226dc43029ea515dd9e9e2ea7d13b3c64854b4a931582->doDisplay(Array, Array)
#11 /Users/wpineda/Documents/Development/Sites/trust-can.ml/vendor/twig/twig/src/Template.php(380): Twig\Template->displayWithErrorHandling(Array, Array)
#12 /Users/wpineda/Documents/Development/Sites/trust-can.ml/vendor/twig/twig/src/Template.php(392): Twig\Template->display(Array)
#13 /Users/wpineda/Documents/Development/Sites/trust-can.ml/modules/cms/Classes/Controller.php(425): Twig\Template->render(Array)
#14 /Users/wpineda/Documents/Development/Sites/trust-can.ml/modules/cms/Classes/Controller.php(225): Cms\Classes\Controller->runPage(Object(Cms\Classes\Page))
#15 /Users/wpineda/Documents/Development/Sites/trust-can.ml/modules/cms/Classes/CmsController.php(50): Cms\Classes\Controller->run('/')
#16 [internal function]: Cms\Classes\CmsController->run('/')
#17 /Users/wpineda/Documents/Development/Sites/trust-can.ml/vendor/laravel/framework/src/Illuminate/Routing/Controller.php(54): call_user_func_array(Array, Array)
#18 /Users/wpineda/Documents/Development/Sites/trust-can.ml/vendor/laravel/framework/src/Illuminate/Routing/ControllerDispatcher.php(45): Illuminate\Routing\Controller->callAction('run', Array)
#19 /Users/wpineda/Documents/Development/Sites/trust-can.ml/vendor/laravel/framework/src/Illuminate/Routing/Route.php(212): Illuminate\Routing\ControllerDispatcher->dispatch(Object(Illuminate\Routing\Route), Object(Cms\Classes\CmsController), 'run')
#20 /Users/wpineda/Documents/Development/Sites/trust-can.ml/vendor/laravel/framework/src/Illuminate/Routing/Route.php(169): Illuminate\Routing\Route->runController()
#21 /Users/wpineda/Documents/Development/Sites/trust-can.ml/vendor/laravel/framework/src/Illuminate/Routing/Router.php(658): Illuminate\Routing\Route->run()
#22 /Users/wpineda/Documents/Development/Sites/trust-can.ml/vendor/laravel/framework/src/Illuminate/Routing/Pipeline.php(30): Illuminate\Routing\Router->Illuminate\Routing\{closure}(Object(Illuminate\Http\Request))
#23 /Users/wpineda/Documents/Development/Sites/trust-can.ml/vendor/laravel/framework/src/Illuminate/Routing/Middleware/SubstituteBindings.php(41): Illuminate\Routing\Pipeline->Illuminate\Routing\{closure}(Object(Illuminate\Http\Request))
#24 /Users/wpineda/Documents/Development/Sites/trust-can.ml/vendor/laravel/framework/src/Illuminate/Pipeline/Pipeline.php(149): Illuminate\Routing\Middleware\SubstituteBindings->handle(Object(Illuminate\Http\Request), Object(Closure))
#25 /Users/wpineda/Documents/Development/Sites/trust-can.ml/vendor/laravel/framework/src/Illuminate/Routing/Pipeline.php(53): Illuminate\Pipeline\Pipeline->Illuminate\Pipeline\{closure}(Object(Illuminate\Http\Request))
#26 /Users/wpineda/Documents/Development/Sites/trust-can.ml/vendor/laravel/framework/src/Illuminate/View/Middleware/ShareErrorsFromSession.php(49): Illuminate\Routing\Pipeline->Illuminate\Routing\{closure}(Object(Illuminate\Http\Request))
#27 /Users/wpineda/Documents/Development/Sites/trust-can.ml/vendor/laravel/framework/src/Illuminate/Pipeline/Pipeline.php(149): Illuminate\View\Middleware\ShareErrorsFromSession->handle(Object(Illuminate\Http\Request), Object(Closure))
#28 /Users/wpineda/Documents/Development/Sites/trust-can.ml/vendor/laravel/framework/src/Illuminate/Routing/Pipeline.php(53): Illuminate\Pipeline\Pipeline->Illuminate\Pipeline\{closure}(Object(Illuminate\Http\Request))
#29 /Users/wpineda/Documents/Development/Sites/trust-can.ml/vendor/laravel/framework/src/Illuminate/Session/Middleware/StartSession.php(63): Illuminate\Routing\Pipeline->Illuminate\Routing\{closure}(Object(Illuminate\Http\Request))
#30 /Users/wpineda/Documents/Development/Sites/trust-can.ml/vendor/laravel/framework/src/Illuminate/Pipeline/Pipeline.php(149): Illuminate\Session\Middleware\StartSession->handle(Object(Illuminate\Http\Request), Object(Closure))
#31 /Users/wpineda/Documents/Development/Sites/trust-can.ml/vendor/laravel/framework/src/Illuminate/Routing/Pipeline.php(53): Illuminate\Pipeline\Pipeline->Illuminate\Pipeline\{closure}(Object(Illuminate\Http\Request))
#32 /Users/wpineda/Documents/Development/Sites/trust-can.ml/vendor/laravel/framework/src/Illuminate/Cookie/Middleware/AddQueuedCookiesToResponse.php(37): Illuminate\Routing\Pipeline->Illuminate\Routing\{closure}(Object(Illuminate\Http\Request))
#33 /Users/wpineda/Documents/Development/Sites/trust-can.ml/vendor/laravel/framework/src/Illuminate/Pipeline/Pipeline.php(149): Illuminate\Cookie\Middleware\AddQueuedCookiesToResponse->handle(Object(Illuminate\Http\Request), Object(Closure))
#34 /Users/wpineda/Documents/Development/Sites/trust-can.ml/vendor/laravel/framework/src/Illuminate/Routing/Pipeline.php(53): Illuminate\Pipeline\Pipeline->Illuminate\Pipeline\{closure}(Object(Illuminate\Http\Request))
#35 /Users/wpineda/Documents/Development/Sites/trust-can.ml/vendor/laravel/framework/src/Illuminate/Cookie/Middleware/EncryptCookies.php(68): Illuminate\Routing\Pipeline->Illuminate\Routing\{closure}(Object(Illuminate\Http\Request))
#36 /Users/wpineda/Documents/Development/Sites/trust-can.ml/vendor/laravel/framework/src/Illuminate/Pipeline/Pipeline.php(149): Illuminate\Cookie\Middleware\EncryptCookies->handle(Object(Illuminate\Http\Request), Object(Closure))
#37 /Users/wpineda/Documents/Development/Sites/trust-can.ml/vendor/laravel/framework/src/Illuminate/Routing/Pipeline.php(53): Illuminate\Pipeline\Pipeline->Illuminate\Pipeline\{closure}(Object(Illuminate\Http\Request))
#38 /Users/wpineda/Documents/Development/Sites/trust-can.ml/vendor/laravel/framework/src/Illuminate/Pipeline/Pipeline.php(102): Illuminate\Routing\Pipeline->Illuminate\Routing\{closure}(Object(Illuminate\Http\Request))
#39 /Users/wpineda/Documents/Development/Sites/trust-can.ml/vendor/laravel/framework/src/Illuminate/Routing/Router.php(660): Illuminate\Pipeline\Pipeline->then(Object(Closure))
#40 /Users/wpineda/Documents/Development/Sites/trust-can.ml/vendor/laravel/framework/src/Illuminate/Routing/Router.php(635): Illuminate\Routing\Router->runRouteWithinStack(Object(Illuminate\Routing\Route), Object(Illuminate\Http\Request))
#41 /Users/wpineda/Documents/Development/Sites/trust-can.ml/vendor/laravel/framework/src/Illuminate/Routing/Router.php(601): Illuminate\Routing\Router->runRoute(Object(Illuminate\Http\Request), Object(Illuminate\Routing\Route))
#42 /Users/wpineda/Documents/Development/Sites/trust-can.ml/vendor/october/rain/src/Router/CoreRouter.php(20): Illuminate\Routing\Router->dispatchToRoute(Object(Illuminate\Http\Request))
#43 /Users/wpineda/Documents/Development/Sites/trust-can.ml/vendor/laravel/framework/src/Illuminate/Foundation/Http/Kernel.php(176): October\Rain\Router\CoreRouter->dispatch(Object(Illuminate\Http\Request))
#44 /Users/wpineda/Documents/Development/Sites/trust-can.ml/vendor/laravel/framework/src/Illuminate/Routing/Pipeline.php(30): Illuminate\Foundation\Http\Kernel->Illuminate\Foundation\Http\{closure}(Object(Illuminate\Http\Request))
#45 /Users/wpineda/Documents/Development/Sites/trust-can.ml/vendor/laravel/framework/src/Illuminate/Foundation/Http/Middleware/CheckForMaintenanceMode.php(46): Illuminate\Routing\Pipeline->Illuminate\Routing\{closure}(Object(Illuminate\Http\Request))
#46 /Users/wpineda/Documents/Development/Sites/trust-can.ml/vendor/october/rain/src/Foundation/Http/Middleware/CheckForMaintenanceMode.php(25): Illuminate\Foundation\Http\Middleware\CheckForMaintenanceMode->handle(Object(Illuminate\Http\Request), Object(Closure))
#47 /Users/wpineda/Documents/Development/Sites/trust-can.ml/vendor/laravel/framework/src/Illuminate/Pipeline/Pipeline.php(149): October\Rain\Foundation\Http\Middleware\CheckForMaintenanceMode->handle(Object(Illuminate\Http\Request), Object(Closure))
#48 /Users/wpineda/Documents/Development/Sites/trust-can.ml/vendor/laravel/framework/src/Illuminate/Routing/Pipeline.php(53): Illuminate\Pipeline\Pipeline->Illuminate\Pipeline\{closure}(Object(Illuminate\Http\Request))
#49 /Users/wpineda/Documents/Development/Sites/trust-can.ml/vendor/laravel/framework/src/Illuminate/Pipeline/Pipeline.php(102): Illuminate\Routing\Pipeline->Illuminate\Routing\{closure}(Object(Illuminate\Http\Request))
#50 /Users/wpineda/Documents/Development/Sites/trust-can.ml/vendor/laravel/framework/src/Illuminate/Foundation/Http/Kernel.php(151): Illuminate\Pipeline\Pipeline->then(Object(Closure))
#51 /Users/wpineda/Documents/Development/Sites/trust-can.ml/vendor/laravel/framework/src/Illuminate/Foundation/Http/Kernel.php(116): Illuminate\Foundation\Http\Kernel->sendRequestThroughRouter(Object(Illuminate\Http\Request))
#52 /Users/wpineda/Documents/Development/Sites/trust-can.ml/index.php(43): Illuminate\Foundation\Http\Kernel->handle(Object(Illuminate\Http\Request))
#53 {main}  
[2020-10-02 06:32:33] development.ERROR: Twig\Error\SyntaxError: Unexpected end of template in "/Users/wpineda/Documents/Development/Sites/trust-can.ml/themes/sliderweb-sliderweb_0002_hydrogen-theme/partials/post-list.htm" at line 11. in /Users/wpineda/Documents/Development/Sites/trust-can.ml/vendor/twig/twig/src/TokenStream.php:50
Stack trace:
#0 /Users/wpineda/Documents/Development/Sites/trust-can.ml/vendor/twig/twig/src/TokenParser/ForTokenParser.php(53): Twig\TokenStream->next()
#1 /Users/wpineda/Documents/Development/Sites/trust-can.ml/vendor/twig/twig/src/Parser.php(185): Twig\TokenParser\ForTokenParser->parse(Object(Twig\Token))
#2 /Users/wpineda/Documents/Development/Sites/trust-can.ml/vendor/twig/twig/src/Parser.php(98): Twig\Parser->subparse(NULL, false)
#3 /Users/wpineda/Documents/Development/Sites/trust-can.ml/vendor/twig/twig/src/Environment.php(563): Twig\Parser->parse(Object(Twig\TokenStream))
#4 /Users/wpineda/Documents/Development/Sites/trust-can.ml/vendor/twig/twig/src/Environment.php(595): Twig\Environment->parse(Object(Twig\TokenStream))
#5 /Users/wpineda/Documents/Development/Sites/trust-can.ml/vendor/twig/twig/src/Environment.php(408): Twig\Environment->compileSource(Object(Twig\Source))
#6 /Users/wpineda/Documents/Development/Sites/trust-can.ml/vendor/twig/twig/src/Environment.php(381): Twig\Environment->loadClass('__TwigTemplate_...', '/Users/wpineda/...', NULL)
#7 /Users/wpineda/Documents/Development/Sites/trust-can.ml/modules/cms/Classes/Controller.php(1087): Twig\Environment->loadTemplate('/Users/wpineda/...')
#8 /Users/wpineda/Documents/Development/Sites/trust-can.ml/modules/cms/Twig/Extension.php(102): Cms\Classes\Controller->renderPartial('blogPosts', Array, true)
#9 /Users/wpineda/Documents/Development/Sites/trust-can.ml/storage/cms/twig/e5/e59192548ce602ccdeb9e63fd40204435cde0fd4eec91a4feefeec12a9425c44.php(63): Cms\Twig\Extension->partialFunction('post-list', Array, true)
#10 /Users/wpineda/Documents/Development/Sites/trust-can.ml/vendor/twig/twig/src/Template.php(407): __TwigTemplate_613ed32acff66eeb07f226dc43029ea515dd9e9e2ea7d13b3c64854b4a931582->doDisplay(Array, Array)
#11 /Users/wpineda/Documents/Development/Sites/trust-can.ml/vendor/twig/twig/src/Template.php(380): Twig\Template->displayWithErrorHandling(Array, Array)
#12 /Users/wpineda/Documents/Development/Sites/trust-can.ml/vendor/twig/twig/src/Template.php(392): Twig\Template->display(Array)
#13 /Users/wpineda/Documents/Development/Sites/trust-can.ml/modules/cms/Classes/Controller.php(425): Twig\Template->render(Array)
#14 /Users/wpineda/Documents/Development/Sites/trust-can.ml/modules/cms/Classes/Controller.php(225): Cms\Classes\Controller->runPage(Object(Cms\Classes\Page))
#15 /Users/wpineda/Documents/Development/Sites/trust-can.ml/modules/cms/Classes/CmsController.php(50): Cms\Classes\Controller->run('/')
#16 [internal function]: Cms\Classes\CmsController->run('/')
#17 /Users/wpineda/Documents/Development/Sites/trust-can.ml/vendor/laravel/framework/src/Illuminate/Routing/Controller.php(54): call_user_func_array(Array, Array)
#18 /Users/wpineda/Documents/Development/Sites/trust-can.ml/vendor/laravel/framework/src/Illuminate/Routing/ControllerDispatcher.php(45): Illuminate\Routing\Controller->callAction('run', Array)
#19 /Users/wpineda/Documents/Development/Sites/trust-can.ml/vendor/laravel/framework/src/Illuminate/Routing/Route.php(212): Illuminate\Routing\ControllerDispatcher->dispatch(Object(Illuminate\Routing\Route), Object(Cms\Classes\CmsController), 'run')
#20 /Users/wpineda/Documents/Development/Sites/trust-can.ml/vendor/laravel/framework/src/Illuminate/Routing/Route.php(169): Illuminate\Routing\Route->runController()
#21 /Users/wpineda/Documents/Development/Sites/trust-can.ml/vendor/laravel/framework/src/Illuminate/Routing/Router.php(658): Illuminate\Routing\Route->run()
#22 /Users/wpineda/Documents/Development/Sites/trust-can.ml/vendor/laravel/framework/src/Illuminate/Routing/Pipeline.php(30): Illuminate\Routing\Router->Illuminate\Routing\{closure}(Object(Illuminate\Http\Request))
#23 /Users/wpineda/Documents/Development/Sites/trust-can.ml/vendor/laravel/framework/src/Illuminate/Routing/Middleware/SubstituteBindings.php(41): Illuminate\Routing\Pipeline->Illuminate\Routing\{closure}(Object(Illuminate\Http\Request))
#24 /Users/wpineda/Documents/Development/Sites/trust-can.ml/vendor/laravel/framework/src/Illuminate/Pipeline/Pipeline.php(149): Illuminate\Routing\Middleware\SubstituteBindings->handle(Object(Illuminate\Http\Request), Object(Closure))
#25 /Users/wpineda/Documents/Development/Sites/trust-can.ml/vendor/laravel/framework/src/Illuminate/Routing/Pipeline.php(53): Illuminate\Pipeline\Pipeline->Illuminate\Pipeline\{closure}(Object(Illuminate\Http\Request))
#26 /Users/wpineda/Documents/Development/Sites/trust-can.ml/vendor/laravel/framework/src/Illuminate/View/Middleware/ShareErrorsFromSession.php(49): Illuminate\Routing\Pipeline->Illuminate\Routing\{closure}(Object(Illuminate\Http\Request))
#27 /Users/wpineda/Documents/Development/Sites/trust-can.ml/vendor/laravel/framework/src/Illuminate/Pipeline/Pipeline.php(149): Illuminate\View\Middleware\ShareErrorsFromSession->handle(Object(Illuminate\Http\Request), Object(Closure))
#28 /Users/wpineda/Documents/Development/Sites/trust-can.ml/vendor/laravel/framework/src/Illuminate/Routing/Pipeline.php(53): Illuminate\Pipeline\Pipeline->Illuminate\Pipeline\{closure}(Object(Illuminate\Http\Request))
#29 /Users/wpineda/Documents/Development/Sites/trust-can.ml/vendor/laravel/framework/src/Illuminate/Session/Middleware/StartSession.php(63): Illuminate\Routing\Pipeline->Illuminate\Routing\{closure}(Object(Illuminate\Http\Request))
#30 /Users/wpineda/Documents/Development/Sites/trust-can.ml/vendor/laravel/framework/src/Illuminate/Pipeline/Pipeline.php(149): Illuminate\Session\Middleware\StartSession->handle(Object(Illuminate\Http\Request), Object(Closure))
#31 /Users/wpineda/Documents/Development/Sites/trust-can.ml/vendor/laravel/framework/src/Illuminate/Routing/Pipeline.php(53): Illuminate\Pipeline\Pipeline->Illuminate\Pipeline\{closure}(Object(Illuminate\Http\Request))
#32 /Users/wpineda/Documents/Development/Sites/trust-can.ml/vendor/laravel/framework/src/Illuminate/Cookie/Middleware/AddQueuedCookiesToResponse.php(37): Illuminate\Routing\Pipeline->Illuminate\Routing\{closure}(Object(Illuminate\Http\Request))
#33 /Users/wpineda/Documents/Development/Sites/trust-can.ml/vendor/laravel/framework/src/Illuminate/Pipeline/Pipeline.php(149): Illuminate\Cookie\Middleware\AddQueuedCookiesToResponse->handle(Object(Illuminate\Http\Request), Object(Closure))
#34 /Users/wpineda/Documents/Development/Sites/trust-can.ml/vendor/laravel/framework/src/Illuminate/Routing/Pipeline.php(53): Illuminate\Pipeline\Pipeline->Illuminate\Pipeline\{closure}(Object(Illuminate\Http\Request))
#35 /Users/wpineda/Documents/Development/Sites/trust-can.ml/vendor/laravel/framework/src/Illuminate/Cookie/Middleware/EncryptCookies.php(68): Illuminate\Routing\Pipeline->Illuminate\Routing\{closure}(Object(Illuminate\Http\Request))
#36 /Users/wpineda/Documents/Development/Sites/trust-can.ml/vendor/laravel/framework/src/Illuminate/Pipeline/Pipeline.php(149): Illuminate\Cookie\Middleware\EncryptCookies->handle(Object(Illuminate\Http\Request), Object(Closure))
#37 /Users/wpineda/Documents/Development/Sites/trust-can.ml/vendor/laravel/framework/src/Illuminate/Routing/Pipeline.php(53): Illuminate\Pipeline\Pipeline->Illuminate\Pipeline\{closure}(Object(Illuminate\Http\Request))
#38 /Users/wpineda/Documents/Development/Sites/trust-can.ml/vendor/laravel/framework/src/Illuminate/Pipeline/Pipeline.php(102): Illuminate\Routing\Pipeline->Illuminate\Routing\{closure}(Object(Illuminate\Http\Request))
#39 /Users/wpineda/Documents/Development/Sites/trust-can.ml/vendor/laravel/framework/src/Illuminate/Routing/Router.php(660): Illuminate\Pipeline\Pipeline->then(Object(Closure))
#40 /Users/wpineda/Documents/Development/Sites/trust-can.ml/vendor/laravel/framework/src/Illuminate/Routing/Router.php(635): Illuminate\Routing\Router->runRouteWithinStack(Object(Illuminate\Routing\Route), Object(Illuminate\Http\Request))
#41 /Users/wpineda/Documents/Development/Sites/trust-can.ml/vendor/laravel/framework/src/Illuminate/Routing/Router.php(601): Illuminate\Routing\Router->runRoute(Object(Illuminate\Http\Request), Object(Illuminate\Routing\Route))
#42 /Users/wpineda/Documents/Development/Sites/trust-can.ml/vendor/october/rain/src/Router/CoreRouter.php(20): Illuminate\Routing\Router->dispatchToRoute(Object(Illuminate\Http\Request))
#43 /Users/wpineda/Documents/Development/Sites/trust-can.ml/vendor/laravel/framework/src/Illuminate/Foundation/Http/Kernel.php(176): October\Rain\Router\CoreRouter->dispatch(Object(Illuminate\Http\Request))
#44 /Users/wpineda/Documents/Development/Sites/trust-can.ml/vendor/laravel/framework/src/Illuminate/Routing/Pipeline.php(30): Illuminate\Foundation\Http\Kernel->Illuminate\Foundation\Http\{closure}(Object(Illuminate\Http\Request))
#45 /Users/wpineda/Documents/Development/Sites/trust-can.ml/vendor/laravel/framework/src/Illuminate/Foundation/Http/Middleware/CheckForMaintenanceMode.php(46): Illuminate\Routing\Pipeline->Illuminate\Routing\{closure}(Object(Illuminate\Http\Request))
#46 /Users/wpineda/Documents/Development/Sites/trust-can.ml/vendor/october/rain/src/Foundation/Http/Middleware/CheckForMaintenanceMode.php(25): Illuminate\Foundation\Http\Middleware\CheckForMaintenanceMode->handle(Object(Illuminate\Http\Request), Object(Closure))
#47 /Users/wpineda/Documents/Development/Sites/trust-can.ml/vendor/laravel/framework/src/Illuminate/Pipeline/Pipeline.php(149): October\Rain\Foundation\Http\Middleware\CheckForMaintenanceMode->handle(Object(Illuminate\Http\Request), Object(Closure))
#48 /Users/wpineda/Documents/Development/Sites/trust-can.ml/vendor/laravel/framework/src/Illuminate/Routing/Pipeline.php(53): Illuminate\Pipeline\Pipeline->Illuminate\Pipeline\{closure}(Object(Illuminate\Http\Request))
#49 /Users/wpineda/Documents/Development/Sites/trust-can.ml/vendor/laravel/framework/src/Illuminate/Pipeline/Pipeline.php(102): Illuminate\Routing\Pipeline->Illuminate\Routing\{closure}(Object(Illuminate\Http\Request))
#50 /Users/wpineda/Documents/Development/Sites/trust-can.ml/vendor/laravel/framework/src/Illuminate/Foundation/Http/Kernel.php(151): Illuminate\Pipeline\Pipeline->then(Object(Closure))
#51 /Users/wpineda/Documents/Development/Sites/trust-can.ml/vendor/laravel/framework/src/Illuminate/Foundation/Http/Kernel.php(116): Illuminate\Foundation\Http\Kernel->sendRequestThroughRouter(Object(Illuminate\Http\Request))
#52 /Users/wpineda/Documents/Development/Sites/trust-can.ml/index.php(43): Illuminate\Foundation\Http\Kernel->handle(Object(Illuminate\Http\Request))
#53 {main}  
[2020-10-02 06:32:47] development.ERROR: Twig\Error\SyntaxError: Unexpected end of template in "/Users/wpineda/Documents/Development/Sites/trust-can.ml/themes/sliderweb-sliderweb_0002_hydrogen-theme/partials/post-list.htm" at line 11. in /Users/wpineda/Documents/Development/Sites/trust-can.ml/vendor/twig/twig/src/TokenStream.php:50
Stack trace:
#0 /Users/wpineda/Documents/Development/Sites/trust-can.ml/vendor/twig/twig/src/TokenParser/ForTokenParser.php(53): Twig\TokenStream->next()
#1 /Users/wpineda/Documents/Development/Sites/trust-can.ml/vendor/twig/twig/src/Parser.php(185): Twig\TokenParser\ForTokenParser->parse(Object(Twig\Token))
#2 /Users/wpineda/Documents/Development/Sites/trust-can.ml/vendor/twig/twig/src/Parser.php(98): Twig\Parser->subparse(NULL, false)
#3 /Users/wpineda/Documents/Development/Sites/trust-can.ml/vendor/twig/twig/src/Environment.php(563): Twig\Parser->parse(Object(Twig\TokenStream))
#4 /Users/wpineda/Documents/Development/Sites/trust-can.ml/vendor/twig/twig/src/Environment.php(595): Twig\Environment->parse(Object(Twig\TokenStream))
#5 /Users/wpineda/Documents/Development/Sites/trust-can.ml/vendor/twig/twig/src/Environment.php(408): Twig\Environment->compileSource(Object(Twig\Source))
#6 /Users/wpineda/Documents/Development/Sites/trust-can.ml/vendor/twig/twig/src/Environment.php(381): Twig\Environment->loadClass('__TwigTemplate_...', '/Users/wpineda/...', NULL)
#7 /Users/wpineda/Documents/Development/Sites/trust-can.ml/modules/cms/Classes/Controller.php(1087): Twig\Environment->loadTemplate('/Users/wpineda/...')
#8 /Users/wpineda/Documents/Development/Sites/trust-can.ml/modules/cms/Twig/Extension.php(102): Cms\Classes\Controller->renderPartial('blogPosts', Array, true)
#9 /Users/wpineda/Documents/Development/Sites/trust-can.ml/storage/cms/twig/e5/e59192548ce602ccdeb9e63fd40204435cde0fd4eec91a4feefeec12a9425c44.php(63): Cms\Twig\Extension->partialFunction('post-list', Array, true)
#10 /Users/wpineda/Documents/Development/Sites/trust-can.ml/vendor/twig/twig/src/Template.php(407): __TwigTemplate_613ed32acff66eeb07f226dc43029ea515dd9e9e2ea7d13b3c64854b4a931582->doDisplay(Array, Array)
#11 /Users/wpineda/Documents/Development/Sites/trust-can.ml/vendor/twig/twig/src/Template.php(380): Twig\Template->displayWithErrorHandling(Array, Array)
#12 /Users/wpineda/Documents/Development/Sites/trust-can.ml/vendor/twig/twig/src/Template.php(392): Twig\Template->display(Array)
#13 /Users/wpineda/Documents/Development/Sites/trust-can.ml/modules/cms/Classes/Controller.php(425): Twig\Template->render(Array)
#14 /Users/wpineda/Documents/Development/Sites/trust-can.ml/modules/cms/Classes/Controller.php(225): Cms\Classes\Controller->runPage(Object(Cms\Classes\Page))
#15 /Users/wpineda/Documents/Development/Sites/trust-can.ml/modules/cms/Classes/CmsController.php(50): Cms\Classes\Controller->run('/')
#16 [internal function]: Cms\Classes\CmsController->run('/')
#17 /Users/wpineda/Documents/Development/Sites/trust-can.ml/vendor/laravel/framework/src/Illuminate/Routing/Controller.php(54): call_user_func_array(Array, Array)
#18 /Users/wpineda/Documents/Development/Sites/trust-can.ml/vendor/laravel/framework/src/Illuminate/Routing/ControllerDispatcher.php(45): Illuminate\Routing\Controller->callAction('run', Array)
#19 /Users/wpineda/Documents/Development/Sites/trust-can.ml/vendor/laravel/framework/src/Illuminate/Routing/Route.php(212): Illuminate\Routing\ControllerDispatcher->dispatch(Object(Illuminate\Routing\Route), Object(Cms\Classes\CmsController), 'run')
#20 /Users/wpineda/Documents/Development/Sites/trust-can.ml/vendor/laravel/framework/src/Illuminate/Routing/Route.php(169): Illuminate\Routing\Route->runController()
#21 /Users/wpineda/Documents/Development/Sites/trust-can.ml/vendor/laravel/framework/src/Illuminate/Routing/Router.php(658): Illuminate\Routing\Route->run()
#22 /Users/wpineda/Documents/Development/Sites/trust-can.ml/vendor/laravel/framework/src/Illuminate/Routing/Pipeline.php(30): Illuminate\Routing\Router->Illuminate\Routing\{closure}(Object(Illuminate\Http\Request))
#23 /Users/wpineda/Documents/Development/Sites/trust-can.ml/vendor/laravel/framework/src/Illuminate/Routing/Middleware/SubstituteBindings.php(41): Illuminate\Routing\Pipeline->Illuminate\Routing\{closure}(Object(Illuminate\Http\Request))
#24 /Users/wpineda/Documents/Development/Sites/trust-can.ml/vendor/laravel/framework/src/Illuminate/Pipeline/Pipeline.php(149): Illuminate\Routing\Middleware\SubstituteBindings->handle(Object(Illuminate\Http\Request), Object(Closure))
#25 /Users/wpineda/Documents/Development/Sites/trust-can.ml/vendor/laravel/framework/src/Illuminate/Routing/Pipeline.php(53): Illuminate\Pipeline\Pipeline->Illuminate\Pipeline\{closure}(Object(Illuminate\Http\Request))
#26 /Users/wpineda/Documents/Development/Sites/trust-can.ml/vendor/laravel/framework/src/Illuminate/View/Middleware/ShareErrorsFromSession.php(49): Illuminate\Routing\Pipeline->Illuminate\Routing\{closure}(Object(Illuminate\Http\Request))
#27 /Users/wpineda/Documents/Development/Sites/trust-can.ml/vendor/laravel/framework/src/Illuminate/Pipeline/Pipeline.php(149): Illuminate\View\Middleware\ShareErrorsFromSession->handle(Object(Illuminate\Http\Request), Object(Closure))
#28 /Users/wpineda/Documents/Development/Sites/trust-can.ml/vendor/laravel/framework/src/Illuminate/Routing/Pipeline.php(53): Illuminate\Pipeline\Pipeline->Illuminate\Pipeline\{closure}(Object(Illuminate\Http\Request))
#29 /Users/wpineda/Documents/Development/Sites/trust-can.ml/vendor/laravel/framework/src/Illuminate/Session/Middleware/StartSession.php(63): Illuminate\Routing\Pipeline->Illuminate\Routing\{closure}(Object(Illuminate\Http\Request))
#30 /Users/wpineda/Documents/Development/Sites/trust-can.ml/vendor/laravel/framework/src/Illuminate/Pipeline/Pipeline.php(149): Illuminate\Session\Middleware\StartSession->handle(Object(Illuminate\Http\Request), Object(Closure))
#31 /Users/wpineda/Documents/Development/Sites/trust-can.ml/vendor/laravel/framework/src/Illuminate/Routing/Pipeline.php(53): Illuminate\Pipeline\Pipeline->Illuminate\Pipeline\{closure}(Object(Illuminate\Http\Request))
#32 /Users/wpineda/Documents/Development/Sites/trust-can.ml/vendor/laravel/framework/src/Illuminate/Cookie/Middleware/AddQueuedCookiesToResponse.php(37): Illuminate\Routing\Pipeline->Illuminate\Routing\{closure}(Object(Illuminate\Http\Request))
#33 /Users/wpineda/Documents/Development/Sites/trust-can.ml/vendor/laravel/framework/src/Illuminate/Pipeline/Pipeline.php(149): Illuminate\Cookie\Middleware\AddQueuedCookiesToResponse->handle(Object(Illuminate\Http\Request), Object(Closure))
#34 /Users/wpineda/Documents/Development/Sites/trust-can.ml/vendor/laravel/framework/src/Illuminate/Routing/Pipeline.php(53): Illuminate\Pipeline\Pipeline->Illuminate\Pipeline\{closure}(Object(Illuminate\Http\Request))
#35 /Users/wpineda/Documents/Development/Sites/trust-can.ml/vendor/laravel/framework/src/Illuminate/Cookie/Middleware/EncryptCookies.php(68): Illuminate\Routing\Pipeline->Illuminate\Routing\{closure}(Object(Illuminate\Http\Request))
#36 /Users/wpineda/Documents/Development/Sites/trust-can.ml/vendor/laravel/framework/src/Illuminate/Pipeline/Pipeline.php(149): Illuminate\Cookie\Middleware\EncryptCookies->handle(Object(Illuminate\Http\Request), Object(Closure))
#37 /Users/wpineda/Documents/Development/Sites/trust-can.ml/vendor/laravel/framework/src/Illuminate/Routing/Pipeline.php(53): Illuminate\Pipeline\Pipeline->Illuminate\Pipeline\{closure}(Object(Illuminate\Http\Request))
#38 /Users/wpineda/Documents/Development/Sites/trust-can.ml/vendor/laravel/framework/src/Illuminate/Pipeline/Pipeline.php(102): Illuminate\Routing\Pipeline->Illuminate\Routing\{closure}(Object(Illuminate\Http\Request))
#39 /Users/wpineda/Documents/Development/Sites/trust-can.ml/vendor/laravel/framework/src/Illuminate/Routing/Router.php(660): Illuminate\Pipeline\Pipeline->then(Object(Closure))
#40 /Users/wpineda/Documents/Development/Sites/trust-can.ml/vendor/laravel/framework/src/Illuminate/Routing/Router.php(635): Illuminate\Routing\Router->runRouteWithinStack(Object(Illuminate\Routing\Route), Object(Illuminate\Http\Request))
#41 /Users/wpineda/Documents/Development/Sites/trust-can.ml/vendor/laravel/framework/src/Illuminate/Routing/Router.php(601): Illuminate\Routing\Router->runRoute(Object(Illuminate\Http\Request), Object(Illuminate\Routing\Route))
#42 /Users/wpineda/Documents/Development/Sites/trust-can.ml/vendor/october/rain/src/Router/CoreRouter.php(20): Illuminate\Routing\Router->dispatchToRoute(Object(Illuminate\Http\Request))
#43 /Users/wpineda/Documents/Development/Sites/trust-can.ml/vendor/laravel/framework/src/Illuminate/Foundation/Http/Kernel.php(176): October\Rain\Router\CoreRouter->dispatch(Object(Illuminate\Http\Request))
#44 /Users/wpineda/Documents/Development/Sites/trust-can.ml/vendor/laravel/framework/src/Illuminate/Routing/Pipeline.php(30): Illuminate\Foundation\Http\Kernel->Illuminate\Foundation\Http\{closure}(Object(Illuminate\Http\Request))
#45 /Users/wpineda/Documents/Development/Sites/trust-can.ml/vendor/laravel/framework/src/Illuminate/Foundation/Http/Middleware/CheckForMaintenanceMode.php(46): Illuminate\Routing\Pipeline->Illuminate\Routing\{closure}(Object(Illuminate\Http\Request))
#46 /Users/wpineda/Documents/Development/Sites/trust-can.ml/vendor/october/rain/src/Foundation/Http/Middleware/CheckForMaintenanceMode.php(25): Illuminate\Foundation\Http\Middleware\CheckForMaintenanceMode->handle(Object(Illuminate\Http\Request), Object(Closure))
#47 /Users/wpineda/Documents/Development/Sites/trust-can.ml/vendor/laravel/framework/src/Illuminate/Pipeline/Pipeline.php(149): October\Rain\Foundation\Http\Middleware\CheckForMaintenanceMode->handle(Object(Illuminate\Http\Request), Object(Closure))
#48 /Users/wpineda/Documents/Development/Sites/trust-can.ml/vendor/laravel/framework/src/Illuminate/Routing/Pipeline.php(53): Illuminate\Pipeline\Pipeline->Illuminate\Pipeline\{closure}(Object(Illuminate\Http\Request))
#49 /Users/wpineda/Documents/Development/Sites/trust-can.ml/vendor/laravel/framework/src/Illuminate/Pipeline/Pipeline.php(102): Illuminate\Routing\Pipeline->Illuminate\Routing\{closure}(Object(Illuminate\Http\Request))
#50 /Users/wpineda/Documents/Development/Sites/trust-can.ml/vendor/laravel/framework/src/Illuminate/Foundation/Http/Kernel.php(151): Illuminate\Pipeline\Pipeline->then(Object(Closure))
#51 /Users/wpineda/Documents/Development/Sites/trust-can.ml/vendor/laravel/framework/src/Illuminate/Foundation/Http/Kernel.php(116): Illuminate\Foundation\Http\Kernel->sendRequestThroughRouter(Object(Illuminate\Http\Request))
#52 /Users/wpineda/Documents/Development/Sites/trust-can.ml/index.php(43): Illuminate\Foundation\Http\Kernel->handle(Object(Illuminate\Http\Request))
#53 {main}  
